[09-Sep-2024 14:41:19 UTC] Cron reschedule event error for hook: action_scheduler_run_queue, Error code: invalid_schedule, Error message: Event schedule does not exist., Data: {"schedule":"every_minute","args":["WP Cron"],"interval":60}
[11-Sep-2024 12:55:22 UTC] Cron reschedule event error for hook: give_thricely_scheduled_events, Error code: invalid_schedule, Error message: Event schedule does not exist., Data: {"schedule":"thricely","args":[],"interval":259200}
[11-Sep-2024 14:34:10 UTC] PHP Warning:  Undefined array key "engine" in C:\Users\Khyle_2\Local Sites\odenaansan\app\public\wp-content\plugins\astra-sites\inc\lib\gutenberg-templates\inc\importer\image-importer.php on line 155
[11-Sep-2024 14:34:48 UTC] PHP Warning:  simplexml_load_file(): SSL operation failed with code 1. OpenSSL Error messages:
error:1416F086:SSL routines:tls_process_server_certificate:certificate verify failed in C:\Users\Khyle_2\Local Sites\odenaansan\app\public\wp-content\plugins\elementor\core\files\file-types\svg.php on line 161
[11-Sep-2024 14:34:48 UTC] PHP Warning:  simplexml_load_file(): Failed to enable crypto in C:\Users\Khyle_2\Local Sites\odenaansan\app\public\wp-content\plugins\elementor\core\files\file-types\svg.php on line 161
[11-Sep-2024 14:34:48 UTC] PHP Warning:  simplexml_load_file(https://test.sharepower.local/wp-content/uploads/2024/09/quotes.svg): Failed to open stream: operation failed in C:\Users\Khyle_2\Local Sites\odenaansan\app\public\wp-content\plugins\elementor\core\files\file-types\svg.php on line 161
[11-Sep-2024 14:34:48 UTC] PHP Warning:  simplexml_load_file(): I/O warning : failed to load external entity &quot;https://test.sharepower.local/wp-content/uploads/2024/09/quotes.svg&quot; in C:\Users\Khyle_2\Local Sites\odenaansan\app\public\wp-content\plugins\elementor\core\files\file-types\svg.php on line 161
[14-Sep-2024 00:06:57 UTC] PHP Warning:  Undefined array key "editor_post_id" in C:\Users\Khyle_2\Local Sites\odenaansan\app\public\wp-content\plugins\elementor\modules\history\revisions-manager.php on line 363
[17-Sep-2024 02:00:54 UTC] PHP Warning:  Undefined array key "name" in C:\Users\Khyle_2\Local Sites\odenaansan\app\public\wp-content\plugins\woocommerce\includes\class-wc-install.php on line 921
[17-Sep-2024 02:00:54 UTC] PHP Warning:  Undefined array key "title" in C:\Users\Khyle_2\Local Sites\odenaansan\app\public\wp-content\plugins\woocommerce\includes\class-wc-install.php on line 923
[17-Sep-2024 02:00:54 UTC] PHP Warning:  Undefined array key "name" in C:\Users\Khyle_2\Local Sites\odenaansan\app\public\wp-content\plugins\woocommerce\includes\class-wc-install.php on line 921
[17-Sep-2024 02:00:54 UTC] PHP Warning:  Undefined array key "title" in C:\Users\Khyle_2\Local Sites\odenaansan\app\public\wp-content\plugins\woocommerce\includes\class-wc-install.php on line 923
[17-Sep-2024 17:34:18 UTC] PHP Fatal error:  Uncaught Error: Class "ActionScheduler_Lock" not found in C:\Users\Khyle_2\Local Sites\odenaansan\app\public\wp-content\plugins\surecart\vendor\woocommerce\action-scheduler\classes\abstracts\ActionScheduler.php:29
Stack trace:
#0 C:\Users\Khyle_2\Local Sites\odenaansan\app\public\wp-content\plugins\surecart\vendor\woocommerce\action-scheduler\classes\ActionScheduler_QueueRunner.php(109): ActionScheduler::lock()
#1 C:\Users\Khyle_2\Local Sites\odenaansan\app\public\wp-includes\class-wp-hook.php(324): ActionScheduler_QueueRunner->maybe_dispatch_async_request('')
#2 C:\Users\Khyle_2\Local Sites\odenaansan\app\public\wp-includes\class-wp-hook.php(348): WP_Hook->apply_filters(NULL, Array)
#3 C:\Users\Khyle_2\Local Sites\odenaansan\app\public\wp-includes\plugin.php(517): WP_Hook->do_action(Array)
#4 C:\Users\Khyle_2\Local Sites\odenaansan\app\public\wp-includes\load.php(1280): do_action('shutdown')
#5 [internal function]: shutdown_action_hook()
#6 {main}
  thrown in C:\Users\Khyle_2\Local Sites\odenaansan\app\public\wp-content\plugins\surecart\vendor\woocommerce\action-scheduler\classes\abstracts\ActionScheduler.php on line 29
[17-Sep-2024 17:34:52 UTC] Cron reschedule event error for hook: action_scheduler_run_queue, Error code: invalid_schedule, Error message: Event schedule does not exist., Data: {"schedule":"every_minute","args":["WP Cron"],"interval":60}
[18-Sep-2024 15:04:08 UTC] Cron reschedule event error for hook: wp_privacy_delete_old_export_files, Error code: could_not_set, Error message: The cron event list could not be saved., Data: {"schedule":"hourly","args":[],"interval":3600}
